<?xml version="1.0" encoding="UTF-8"?>
<!-- Generated by org.testng.reporters.JUnitXMLReporter -->
<testsuite hostname="DESKTOP-H9QHVGK" name="Default test" tests="3" failures="0" timestamp="18 Oct 2018 17:48:43 GMT" time="95.587" errors="0">
  <testcase name="VerifyClickClose" time="49.6" classname="TestCases.VerifyLoginBoxClose"/>
  <testcase name="VerifyEscClose" time="24.933" classname="TestCases.VerifyLoginBoxClose"/>
  <testcase name="VerifyValidLogin" time="20.926" classname="TestCases.VerifyLogin"/>
</testsuite> <!-- Default test -->
