<?xml version="1.0" encoding="UTF-8"?>
<!-- Generated by org.testng.reporters.JUnitXMLReporter -->
<testsuite hostname="DESKTOP-H9QHVGK" name="Test" tests="3" failures="0" timestamp="20 Oct 2018 16:07:11 GMT" time="77.337" errors="0">
  <testcase name="VerifyValidLogin" time="45.454" classname="TestCases.VerifyLogin"/>
  <testcase name="VerifyClickClose" time="15.88" classname="TestCases.VerifyLoginBoxClose"/>
  <testcase name="VerifyEscClose" time="15.978" classname="TestCases.VerifyLoginBoxClose"/>
</testsuite> <!-- Test -->
