<?xml version="1.0" encoding="UTF-8"?>
<!-- Generated by org.testng.reporters.JUnitXMLReporter -->
<testsuite hostname="DESKTOP-H9QHVGK" name="Test" tests="3" failures="0" timestamp="18 Oct 2018 18:16:32 GMT" time="61.869" errors="0">
  <testcase name="VerifyValidLogin" time="23.369" classname="TestCases.VerifyLogin"/>
  <testcase name="VerifyClickClose" time="20.885" classname="TestCases.VerifyLoginBoxClose"/>
  <testcase name="VerifyEscClose" time="17.57" classname="TestCases.VerifyLoginBoxClose"/>
</testsuite> <!-- Test -->
