<?xml version="1.0" encoding="UTF-8"?>
<testng-results skipped="0" failed="0" total="3" passed="3">
  <reporter-output>
  </reporter-output>
  <suite name="MavenPOM Suite" duration-ms="77337" started-at="2018-10-20T16:05:54Z" finished-at="2018-10-20T16:07:11Z">
    <groups>
    </groups>
    <test name="Test" duration-ms="77337" started-at="2018-10-20T16:05:54Z" finished-at="2018-10-20T16:07:11Z">
      <class name="TestCases.VerifyLoginBoxClose">
        <test-method status="PASS" signature="VerifyClickClose()[pri:0, instance:TestCases.VerifyLoginBoxClose@327471b5]" name="VerifyClickClose" duration-ms="15880" started-at="2018-10-20T21:36:39Z" finished-at="2018-10-20T21:36:55Z">
          <reporter-output>
          </reporter-output>
        </test-method> <!-- VerifyClickClose -->
        <test-method status="PASS" signature="nameBefore(java.lang.reflect.Method)[pri:0, instance:TestCases.VerifyLoginBoxClose@327471b5]" name="nameBefore" is-config="true" duration-ms="0" started-at="2018-10-20T21:36:39Z" finished-at="2018-10-20T21:36:39Z">
          <params>
            <param index="0">
              <value>
                <![CDATA[public void TestCases.VerifyLoginBoxClose.VerifyClickClose() throws java.lang.Exception]]>
              </value>
            </param>
          </params>
          <reporter-output>
          </reporter-output>
        </test-method> <!-- nameBefore -->
        <test-method status="PASS" signature="nameBefore(java.lang.reflect.Method)[pri:0, instance:TestCases.VerifyLoginBoxClose@327471b5]" name="nameBefore" is-config="true" duration-ms="0" started-at="2018-10-20T21:36:55Z" finished-at="2018-10-20T21:36:55Z">
          <params>
            <param index="0">
              <value>
                <![CDATA[public void TestCases.VerifyLoginBoxClose.VerifyEscClose()]]>
              </value>
            </param>
          </params>
          <reporter-output>
          </reporter-output>
        </test-method> <!-- nameBefore -->
        <test-method status="PASS" signature="VerifyEscClose()[pri:0, instance:TestCases.VerifyLoginBoxClose@327471b5]" name="VerifyEscClose" duration-ms="15978" started-at="2018-10-20T21:36:55Z" finished-at="2018-10-20T21:37:11Z">
          <reporter-output>
          </reporter-output>
        </test-method> <!-- VerifyEscClose -->
      </class> <!-- TestCases.VerifyLoginBoxClose -->
      <class name="TestCases.VerifyLogin">
        <test-method status="PASS" signature="nameBefore(java.lang.reflect.Method)[pri:0, instance:TestCases.VerifyLogin@3567135c]" name="nameBefore" is-config="true" duration-ms="7" started-at="2018-10-20T21:35:54Z" finished-at="2018-10-20T21:35:54Z">
          <params>
            <param index="0">
              <value>
                <![CDATA[public void TestCases.VerifyLogin.VerifyValidLogin() throws java.lang.Exception]]>
              </value>
            </param>
          </params>
          <reporter-output>
          </reporter-output>
        </test-method> <!-- nameBefore -->
        <test-method status="PASS" signature="VerifyValidLogin()[pri:0, instance:TestCases.VerifyLogin@3567135c]" name="VerifyValidLogin" duration-ms="45454" started-at="2018-10-20T21:35:54Z" finished-at="2018-10-20T21:36:39Z">
          <reporter-output>
          </reporter-output>
        </test-method> <!-- VerifyValidLogin -->
      </class> <!-- TestCases.VerifyLogin -->
    </test> <!-- Test -->
  </suite> <!-- MavenPOM Suite -->
</testng-results>
